2023-05-05 22:41:32,321 INFO c.c.m.p.PostServiceApplication [main] Starting PostServiceApplication using Java 17.0.6 on DESKTOP-MPL2D0N with PID 4396 (C:\Users\sande.000\Code Internals Youtube Channel\GitHub\codeinternals\microservices\blog-example\appserver\post-service\target\classes started by sande in C:\Users\sande.000\Code Internals Youtube Channel\GitHub\codeinternals\microservices\blog-example\appserver)
2023-05-05 22:41:32,355 DEBUG c.c.m.p.PostServiceApplication [main] Running with Spring Boot v2.5.2, Spring v5.3.8
2023-05-05 22:41:32,356 INFO c.c.m.p.PostServiceApplication [main] The following profiles are active: dev
2023-05-05 22:41:51,813 INFO c.c.m.p.PostServiceApplication [main] Started PostServiceApplication in 21.752 seconds (JVM running for 25.601)
2023-05-05 22:42:49,646 INFO c.c.m.p.c.PostController [http-nio-8445-exec-1] Getting all Posts
2023-05-05 22:42:50,931 DEBUG o.h.SQL [http-nio-8445-exec-1] 
    select
        post0_.id as id1_2_,
        post0_.created_date as created_2_2_,
        post0_.modified_date as modified3_2_,
        post0_.description as descript4_2_,
        post0_.posted_by as posted_b7_2_,
        post0_.posted_date as posted_d5_2_,
        post0_.title as title6_2_ 
    from
        tbl_post post0_
2023-05-05 22:42:51,536 DEBUG o.h.SQL [http-nio-8445-exec-1] 
    select
        user0_.id as id1_3_0_,
        user0_.created_date as created_2_3_0_,
        user0_.modified_date as modified3_3_0_,
        user0_.email_address as email_ad4_3_0_,
        user0_.name as name5_3_0_,
        user0_.password as password6_3_0_,
        user0_.username as username7_3_0_ 
    from
        tbl_user user0_ 
    where
        user0_.id=?
2023-05-05 22:42:51,568 TRACE o.h.t.d.s.BasicBinder [http-nio-8445-exec-1] binding parameter [1] as [BIGINT] - [1]
2023-05-05 22:42:51,619 DEBUG o.h.SQL [http-nio-8445-exec-1] 
    select
        like0_.id as id1_1_0_,
        like0_.created_date as created_2_1_0_,
        like0_.modified_date as modified3_1_0_,
        like0_.count as count4_1_0_,
        like0_.post_id as post_id5_1_0_ 
    from
        tbl_like like0_ 
    where
        like0_.post_id=?
2023-05-05 22:42:51,620 TRACE o.h.t.d.s.BasicBinder [http-nio-8445-exec-1] binding parameter [1] as [BIGINT] - [1]
